<?xml version="1.0" encoding="UTF-8"?>
<!-- Generated by org.testng.reporters.JUnitXMLReporter -->
<testsuite hostname="AIPL-PUN-LT86" name="Test-method test" tests="2" failures="0" timestamp="19 May 2020 12:14:03 GMT" time="0.023" errors="0">
  <testcase name="testMethodsOne" time="0.005" classname="DemoTestNG.ParallelExecutionWithMethods"/>
  <testcase name="testMethodsTwo" time="0.006" classname="DemoTestNG.ParallelExecutionWithMethods"/>
</testsuite> <!-- Test-method test -->
