<?xml version="1.0" encoding="UTF-8"?>
<!-- Generated by org.testng.reporters.JUnitXMLReporter -->
<testsuite hostname="AIPL-PUN-LT86" name="Test-class test 2" tests="1" failures="0" timestamp="20 May 2020 07:23:12 GMT" time="0.022" errors="0">
  <testcase name="testMethodOne" time="0.003" classname="DemoTestNG.ParalletExecutionWithTests"/>
</testsuite> <!-- Test-class test 2 -->
