<?xml version="1.0" encoding="UTF-8"?>
<!-- Generated by org.testng.reporters.JUnitReportReporter -->
<testsuite hostname="vdc01dlap0337" name="net.valtech.toolsqa.Dropdownmenu" tests="1" failures="0" timestamp="8 Jul 2017 14:53:59 GMT" time="27.084" errors="0">
  <testcase name="main" time="27.084" classname="net.valtech.toolsqa.Dropdownmenu"/>
</testsuite> <!-- net.valtech.toolsqa.Dropdownmenu -->
