<?xml version="1.0" encoding="UTF-8"?>
<!-- Generated by org.testng.reporters.JUnitReportReporter -->
<testsuite hostname="vdc01dlap0337" name="net.valtech.toolsqa.ListBoxSelectOption" tests="1" failures="0" timestamp="9 Jul 2017 09:33:25 GMT" time="24.767" errors="0">
  <testcase name="verifyingMultiListBox" time="24.767" classname="net.valtech.toolsqa.ListBoxSelectOption"/>
</testsuite> <!-- net.valtech.toolsqa.ListBoxSelectOption -->
