<?xml version="1.0" encoding="UTF-8"?>
<!-- Generated by org.testng.reporters.JUnitReportReporter -->
<testsuite hostname="vdc01dlap0337" name="net.valtec.synchcronization.ExplicitWait_1" tests="1" failures="0" timestamp="19 Jul 2017 07:47:48 GMT" time="17.252" errors="0">
  <testcase name="testUntitled" time="17.252" classname="net.valtec.synchcronization.ExplicitWait_1"/>
</testsuite> <!-- net.valtec.synchcronization.ExplicitWait_1 -->
