<?xml version="1.0" encoding="UTF-8"?>
<!-- Generated by org.testng.reporters.JUnitReportReporter -->
<testsuite hostname="AIPL-PUN-LT86" name="DemoTestNG.ParalletExecutionWithTests" tests="2" failures="0" timestamp="20 May 2020 07:23:12 GMT" time="0.007" errors="0">
  <testcase name="testMethodOne" time="0.004" classname="DemoTestNG.ParalletExecutionWithTests"/>
  <testcase name="testMethodOne" time="0.003" classname="DemoTestNG.ParalletExecutionWithTests"/>
</testsuite> <!-- DemoTestNG.ParalletExecutionWithTests -->
