<?xml version="1.0" encoding="UTF-8"?>
<!-- Generated by org.testng.reporters.JUnitReportReporter -->
<testsuite hostname="vdc01dlap0337" name="net.valtech.testNG.DependsOnMethod" tests="3" failures="0" timestamp="22 Nov 2017 06:43:01 GMT" time="0.075" errors="0">
  <testcase name="LogOut" time="0.006" classname="net.valtech.testNG.DependsOnMethod"/>
  <testcase name="SignIn" time="0.006" classname="net.valtech.testNG.DependsOnMethod"/>
  <testcase name="OpenBrowser" time="0.063" classname="net.valtech.testNG.DependsOnMethod"/>
</testsuite> <!-- net.valtech.testNG.DependsOnMethod -->
