<?xml version="1.0" encoding="UTF-8"?>
<!-- Generated by org.testng.reporters.JUnitReportReporter -->
<testsuite hostname="vdc01dlap0337" name="net.valtech.testNG.AnnotationsTest" tests="2" failures="0" timestamp="8 Aug 2017 14:28:24 GMT" time="0.024" errors="0">
  <testcase name="test2" time="0.007" classname="net.valtech.testNG.AnnotationsTest"/>
  <testcase name="test" time="0.017" classname="net.valtech.testNG.AnnotationsTest"/>
</testsuite> <!-- net.valtech.testNG.AnnotationsTest -->
