<?xml version="1.0" encoding="UTF-8"?>
<!-- Generated by org.testng.reporters.JUnitReportReporter -->
<testsuite hostname="vdc01dlap0337" name="net.valtech.testNG.Dependent" tests="3" failures="0" timestamp="25 Jul 2017 12:20:15 GMT" time="0.024" errors="0">
  <testcase name="OpenBrowser" time="0.020" classname="net.valtech.testNG.Dependent"/>
  <testcase name="SignIn" time="0.002" classname="net.valtech.testNG.Dependent"/>
  <testcase name="LogOut" time="0.002" classname="net.valtech.testNG.Dependent"/>
</testsuite> <!-- net.valtech.testNG.Dependent -->
