<?xml version="1.0" encoding="UTF-8"?>
<!-- Generated by org.testng.reporters.JUnitReportReporter -->
<testsuite hostname="vdc01dlap0337" name="net.valtech.actiTime.LoginPage" tests="1" failures="0" timestamp="7 Aug 2017 11:05:01 GMT" time="0.042" errors="1">
  <testcase name="login" time="0.042" classname="net.valtech.actiTime.LoginPage">
    <error type="org.testng.TestNGException" message="
Can&#039;t invoke public void net.valtech.actiTime.LoginPage.login(): either make it static or add a no-args constructor to your class">
      <![CDATA[org.testng.TestNGException: 
Can't invoke public void net.valtech.actiTime.LoginPage.login(): either make it static or add a no-args constructor to your class
	at org.testng.internal.Utils.checkInstanceOrStatic(Utils.java:799)
	at org.testng.internal.MethodInvocationHelper.invokeMethod(MethodInvocationHelper.java:41)
	at org.testng.internal.Invoker.invokeMethod(Invoker.java:659)
	at org.testng.internal.Invoker.invokeTestMethod(Invoker.java:845)
	at org.testng.internal.Invoker.invokeTestMethods(Invoker.java:1153)
	at org.testng.internal.TestMethodWorker.invokeTestMethods(TestMethodWorker.java:125)
	at org.testng.internal.TestMethodWorker.run(TestMethodWorker.java:108)
	at org.testng.TestRunner.privateRun(TestRunner.java:771)
	at org.testng.TestRunner.run(TestRunner.java:621)
	at org.testng.SuiteRunner.runTest(SuiteRunner.java:357)
	at org.testng.SuiteRunner.runSequentially(SuiteRunner.java:352)
	at org.testng.SuiteRunner.privateRun(SuiteRunner.java:310)
	at org.testng.SuiteRunner.run(SuiteRunner.java:259)
	at org.testng.SuiteRunnerWorker.runSuite(SuiteRunnerWorker.java:52)
	at org.testng.SuiteRunnerWorker.run(SuiteRunnerWorker.java:86)
	at org.testng.TestNG.runSuitesSequentially(TestNG.java:1199)
	at org.testng.TestNG.runSuitesLocally(TestNG.java:1124)
	at org.testng.TestNG.run(TestNG.java:1032)
	at org.testng.remote.AbstractRemoteTestNG.run(AbstractRemoteTestNG.java:132)
	at org.testng.remote.RemoteTestNG.initAndRun(RemoteTestNG.java:230)
	at org.testng.remote.RemoteTestNG.main(RemoteTestNG.java:76)
]]>
    </error>
  </testcase> <!-- login -->
</testsuite> <!-- net.valtech.actiTime.LoginPage -->
