<?xml version="1.0" encoding="UTF-8"?>
<!-- Generated by org.testng.reporters.JUnitReportReporter -->
<testsuite hostname="vdc01dlap0337" name="net.valtech.practise.Testing" tests="1" failures="0" timestamp="19 Jul 2017 08:04:01 GMT" time="9.490" errors="0">
  <testcase name="myTest" time="9.490" classname="net.valtech.practise.Testing"/>
</testsuite> <!-- net.valtech.practise.Testing -->
