<?xml version="1.0" encoding="UTF-8"?>
<!-- Generated by org.testng.reporters.JUnitReportReporter -->
<testsuite hostname="vdc01dlap0337" name="net.valtech.testNG.DataProviderWithExcel_002" tests="1" failures="0" timestamp="28 Jul 2017 11:40:49 GMT" time="0.000" errors="1">
  <testcase name="f" time="0.000" classname="net.valtech.testNG.DataProviderWithExcel_002">
    <error type="java.lang.RuntimeException" message="java.lang.NoClassDefFoundError: org/apache/commons/collections4/ListValuedMap">
      <![CDATA[java.lang.RuntimeException: java.lang.NoClassDefFoundError: org/apache/commons/collections4/ListValuedMap
	at org.testng.internal.MethodInvocationHelper.invokeDataProvider(MethodInvocationHelper.java:162)
	at org.testng.internal.Parameters.handleParameters(Parameters.java:441)
	at org.testng.internal.Invoker.handleParameters(Invoker.java:1300)
	at org.testng.internal.Invoker.createParameters(Invoker.java:1015)
	at org.testng.internal.Invoker.invokeTestMethods(Invoker.java:1104)
	at org.testng.internal.TestMethodWorker.invokeTestMethods(TestMethodWorker.java:125)
	at org.testng.internal.TestMethodWorker.run(TestMethodWorker.java:108)
	at org.testng.TestRunner.privateRun(TestRunner.java:771)
	at org.testng.TestRunner.run(TestRunner.java:621)
	at org.testng.SuiteRunner.runTest(SuiteRunner.java:357)
	at org.testng.SuiteRunner.runSequentially(SuiteRunner.java:352)
	at org.testng.SuiteRunner.privateRun(SuiteRunner.java:310)
	at org.testng.SuiteRunner.run(SuiteRunner.java:259)
	at org.testng.SuiteRunnerWorker.runSuite(SuiteRunnerWorker.java:52)
	at org.testng.SuiteRunnerWorker.run(SuiteRunnerWorker.java:86)
	at org.testng.TestNG.runSuitesSequentially(TestNG.java:1199)
	at org.testng.TestNG.runSuitesLocally(TestNG.java:1124)
	at org.testng.TestNG.run(TestNG.java:1032)
	at org.testng.remote.AbstractRemoteTestNG.run(AbstractRemoteTestNG.java:132)
	at org.testng.remote.RemoteTestNG.initAndRun(RemoteTestNG.java:230)
	at org.testng.remote.RemoteTestNG.main(RemoteTestNG.java:76)
Caused by: java.lang.NoClassDefFoundError: org/apache/commons/collections4/ListValuedMap
	at net.valtech.testNG.ExcelUtils1.setExcelFile(ExcelUtils1.java:35)
	at net.valtech.testNG.DataProviderWithExcel_002.Authentication(DataProviderWithExcel_002.java:69)
	at sun.reflect.NativeMethodAccessorImpl.invoke0(Native Method)
	at sun.reflect.NativeMethodAccessorImpl.invoke(NativeMethodAccessorImpl.java:62)
	at sun.reflect.DelegatingMethodAccessorImpl.invoke(DelegatingMethodAccessorImpl.java:43)
	at java.lang.reflect.Method.invoke(Method.java:498)
	at org.testng.internal.MethodInvocationHelper.invokeMethod(MethodInvocationHelper.java:85)
	at org.testng.internal.MethodInvocationHelper.invokeDataProvider(MethodInvocationHelper.java:136)
	... 20 more
Caused by: java.lang.ClassNotFoundException: org.apache.commons.collections4.ListValuedMap
	at java.net.URLClassLoader.findClass(URLClassLoader.java:381)
	at java.lang.ClassLoader.loadClass(ClassLoader.java:424)
	at sun.misc.Launcher$AppClassLoader.loadClass(Launcher.java:331)
	at java.lang.ClassLoader.loadClass(ClassLoader.java:357)
	... 28 more
]]>
    </error>
  </testcase> <!-- f -->
</testsuite> <!-- net.valtech.testNG.DataProviderWithExcel_002 -->
