<?xml version="1.0" encoding="UTF-8"?>
<!-- Generated by org.testng.reporters.JUnitReportReporter -->
<testsuite hostname="vdc01dlap0337" name="net.valtech.testNG.ExcelDataProvider" tests="2" failures="0" timestamp="27 Jul 2017 05:27:18 GMT" time="48.691" errors="0">
  <testcase name="test" time="21.899" classname="net.valtech.testNG.ExcelDataProvider"/>
  <testcase name="test" time="26.792" classname="net.valtech.testNG.ExcelDataProvider"/>
</testsuite> <!-- net.valtech.testNG.ExcelDataProvider -->
