<?xml version="1.0" encoding="UTF-8"?>
<!-- Generated by org.testng.reporters.JUnitReportReporter -->
<testsuite hostname="vdc01dlap0337" name="net.valtech.DatabaseTesting.ConnectMySql" tests="1" failures="0" timestamp="26 Dec 2017 07:41:42 GMT" time="0.495" errors="0">
  <testcase name="testDB" time="0.495" classname="net.valtech.DatabaseTesting.ConnectMySql"/>
</testsuite> <!-- net.valtech.DatabaseTesting.ConnectMySql -->
