<?xml version="1.0" encoding="UTF-8"?>
<!-- Generated by org.testng.reporters.JUnitReportReporter -->
<testsuite hostname="AIPL-PUN-LT86" name="DemoTestNG.ParallelExecutionWithClass_1" tests="2" failures="0" timestamp="19 May 2020 12:11:14 GMT" time="0.001" errors="0">
  <testcase name="testMethodTwo" time="0.001" classname="DemoTestNG.ParallelExecutionWithClass_1"/>
  <testcase name="testMethodOne" time="0.000" classname="DemoTestNG.ParallelExecutionWithClass_1"/>
</testsuite> <!-- DemoTestNG.ParallelExecutionWithClass_1 -->
