<?xml version="1.0" encoding="UTF-8"?>
<!-- Generated by org.testng.reporters.JUnitReportReporter -->
<testsuite hostname="vdc01dlap0337" name="net.valtech.testNG.MultipleTest1" tests="4" failures="0" timestamp="26 Jul 2017 10:15:56 GMT" time="0.028" errors="0">
  <testcase name="Two" time="0.003" classname="net.valtech.testNG.MultipleTest1"/>
  <testcase name="One" time="0.021" classname="net.valtech.testNG.MultipleTest1"/>
  <testcase name="Four" time="0.002" classname="net.valtech.testNG.MultipleTest1"/>
  <testcase name="Three" time="0.002" classname="net.valtech.testNG.MultipleTest1"/>
</testsuite> <!-- net.valtech.testNG.MultipleTest1 -->
