<?xml version="1.0" encoding="UTF-8"?>
<!-- Generated by org.testng.reporters.JUnitReportReporter -->
<testsuite hostname="AIPL-PUN-LT86" name="net.valtech.testNG.AnnotationsTest" tests="2" failures="0" timestamp="6 Feb 2020 08:03:55 GMT" time="0.005" errors="0">
  <testcase name="test" time="0.004" classname="net.valtech.testNG.AnnotationsTest"/>
  <testcase name="test2" time="0.001" classname="net.valtech.testNG.AnnotationsTest"/>
</testsuite> <!-- net.valtech.testNG.AnnotationsTest -->
