<?xml version="1.0" encoding="UTF-8"?>
<!-- Generated by org.testng.reporters.JUnitReportReporter -->
<testsuite hostname="vdc01dlap0337" name="net.valtech.actiTime.LoginTests" tests="1" failures="0" timestamp="7 Aug 2017 11:29:06 GMT" time="24.987" errors="0">
  <testcase name="loginFunctionality" time="24.987" classname="net.valtech.actiTime.LoginTests"/>
</testsuite> <!-- net.valtech.actiTime.LoginTests -->
