<?xml version="1.0" encoding="UTF-8"?>
<!-- Generated by org.testng.reporters.JUnitReportReporter -->
<testsuite hostname="vdc01dlap0337" name="net.valtech.testNG.Asserts" tests="2" failures="0" timestamp="22 Nov 2017 07:19:25 GMT" time="50.297" errors="0">
  <testcase name="f" time="50.291" classname="net.valtech.testNG.Asserts"/>
  <testcase name="test" time="0.006" classname="net.valtech.testNG.Asserts"/>
</testsuite> <!-- net.valtech.testNG.Asserts -->
