<?xml version="1.0" encoding="UTF-8"?>
<!-- Generated by org.testng.reporters.JUnitReportReporter -->
<testsuite hostname="vdc01dlap0337" name="net.valtech.testNG.Dependency" tests="3" failures="0" timestamp="9 Aug 2017 13:08:52 GMT" time="0.021" errors="0">
  <testcase name="LogOut" time="0.002" classname="net.valtech.testNG.Dependency"/>
  <testcase name="SignIn" time="0.002" classname="net.valtech.testNG.Dependency"/>
  <testcase name="OpenBrowser" time="0.017" classname="net.valtech.testNG.Dependency"/>
</testsuite> <!-- net.valtech.testNG.Dependency -->
