<?xml version="1.0" encoding="UTF-8"?>
<!-- Generated by org.testng.reporters.JUnitReportReporter -->
<testsuite hostname="vdc01dlap0337" name="net.valtech.testNG.MultipleTest" tests="4" failures="0" timestamp="22 Nov 2017 06:51:20 GMT" time="0.364" errors="0">
  <testcase name="Three" time="0.019" classname="net.valtech.testNG.MultipleTest"/>
  <testcase name="Four" time="0.334" classname="net.valtech.testNG.MultipleTest"/>
  <testcase name="Two" time="0.005" classname="net.valtech.testNG.MultipleTest"/>
  <testcase name="One" time="0.006" classname="net.valtech.testNG.MultipleTest"/>
</testsuite> <!-- net.valtech.testNG.MultipleTest -->
