<?xml version="1.0" encoding="UTF-8"?>
<!-- Generated by org.testng.reporters.JUnitReportReporter -->
<testsuite hostname="vdc01dlap0337" name="net.valtech.selenium.JavaScriptDemo" tests="1" failures="0" timestamp="13 Dec 2017 12:22:49 GMT" time="12.063" errors="0">
  <testcase name="javaScript" time="12.063" classname="net.valtech.selenium.JavaScriptDemo"/>
</testsuite> <!-- net.valtech.selenium.JavaScriptDemo -->
