<?xml version="1.0" encoding="UTF-8"?>
<!-- Generated by org.testng.reporters.JUnitReportReporter -->
<testsuite hostname="vdc01dlap0337" name="net.valtech.testNG.Sequencing" tests="2" failures="0" timestamp="28 Nov 2017 08:21:21 GMT" time="0.020" errors="0">
  <testcase name="testCase2" time="0.007" classname="net.valtech.testNG.Sequencing"/>
  <testcase name="testCase1" time="0.013" classname="net.valtech.testNG.Sequencing"/>
</testsuite> <!-- net.valtech.testNG.Sequencing -->
