<?xml version="1.0" encoding="UTF-8"?>
<!-- Generated by org.testng.reporters.JUnitReportReporter -->
<testsuite hostname="AIPL-PUN-LT86" name="net.valtech.testNG.AnnotationsDemo_1" tests="2" failures="0" timestamp="6 Feb 2020 11:58:10 GMT" time="0.005" errors="0">
  <testcase name="testDemo1" time="0.003" classname="net.valtech.testNG.AnnotationsDemo_1"/>
  <testcase name="testDemo2" time="0.002" classname="net.valtech.testNG.AnnotationsDemo_1"/>
</testsuite> <!-- net.valtech.testNG.AnnotationsDemo_1 -->
