<?xml version="1.0" encoding="UTF-8"?>
<!-- Generated by org.testng.reporters.JUnitReportReporter -->
<testsuite hostname="vdc01dlap0337" name="net.valtech.testNG.TestListener" tests="1" failures="0" timestamp="10 Aug 2017 08:34:26 GMT" time="0.015" errors="0">
  <testcase name="main" time="0.015" classname="net.valtech.testNG.TestListener"/>
</testsuite> <!-- net.valtech.testNG.TestListener -->
