<?xml version="1.0" encoding="UTF-8"?>
<!-- Generated by org.testng.reporters.JUnitReportReporter -->
<testsuite hostname="AIPL-PUN-LT86" name="DemoTestNG.ParallelExecutionWithMethods" tests="2" failures="0" timestamp="19 May 2020 12:14:03 GMT" time="0.022" errors="0">
  <testcase name="testMethodsTwo" time="0.012" classname="DemoTestNG.ParallelExecutionWithMethods"/>
  <testcase name="testMethodsOne" time="0.010" classname="DemoTestNG.ParallelExecutionWithMethods"/>
</testsuite> <!-- DemoTestNG.ParallelExecutionWithMethods -->
