<?xml version="1.0" encoding="UTF-8"?>
<!-- Generated by org.testng.reporters.JUnitReportReporter -->
<testsuite hostname="vdc01dlap0337" name="net.valtech.testNG.Grouping" tests="5" failures="0" timestamp="22 Nov 2017 06:33:07 GMT" time="0.074" errors="0">
  <testcase name="Scooter2" time="0.005" classname="net.valtech.testNG.Grouping"/>
  <testcase name="Car2" time="0.006" classname="net.valtech.testNG.Grouping"/>
  <testcase name="Sedan1" time="0.005" classname="net.valtech.testNG.Grouping"/>
  <testcase name="Scooter1" time="0.007" classname="net.valtech.testNG.Grouping"/>
  <testcase name="Car1" time="0.051" classname="net.valtech.testNG.Grouping"/>
</testsuite> <!-- net.valtech.testNG.Grouping -->
